<?xml version="1.0" encoding="UTF-8"?>
<testng-results ignored="0" total="1" passed="1" failed="0" skipped="0">
  <reporter-output>
  </reporter-output>
  <suite started-at="2022-03-20T15:57:13 IST" name="Suite" finished-at="2022-03-20T15:57:48 IST" duration-ms="35747">
    <groups>
    </groups>
    <test started-at="2022-03-20T15:57:13 IST" name="Test" finished-at="2022-03-20T15:57:48 IST" duration-ms="35747">
      <class name="com.techblog.scripts.TestClass">
        <test-method is-config="true" signature="onSetup()[pri:0, instance:com.techblog.scripts.TestClass@2b48a640]" started-at="2022-03-20T15:57:13 IST" name="onSetup" finished-at="2022-03-20T15:57:31 IST" duration-ms="18204" status="PASS">
          <reporter-output>
          </reporter-output>
        </test-method> <!-- onSetup -->
        <test-method signature="verifyValidUserSignup()[pri:2, instance:com.techblog.scripts.TestClass@2b48a640]" started-at="2022-03-20T15:57:31 IST" name="verifyValidUserSignup" finished-at="2022-03-20T15:57:48 IST" duration-ms="17450" status="PASS">
          <reporter-output>
          </reporter-output>
        </test-method> <!-- verifyValidUserSignup -->
        <test-method is-config="true" signature="tearDown(org.testng.ITestResult)[pri:0, instance:com.techblog.scripts.TestClass@2b48a640]" started-at="2022-03-20T15:57:48 IST" name="tearDown" finished-at="2022-03-20T15:57:48 IST" duration-ms="8" status="PASS">
          <params>
            <param index="0">
              <value>
                <![CDATA[[TestResult name=verifyValidUserSignup status=SUCCESS method=TestClass.verifyValidUserSignup()[pri:2, instance:com.techblog.scripts.TestClass@2b48a640] output={null}]]]>
              </value>
            </param>
          </params>
          <reporter-output>
          </reporter-output>
        </test-method> <!-- tearDown -->
      </class> <!-- com.techblog.scripts.TestClass -->
    </test> <!-- Test -->
  </suite> <!-- Suite -->
</testng-results>
