<?xml version="1.0" encoding="UTF-8"?>
<!-- Generated by org.testng.reporters.JUnitXMLReporter -->
<testsuite ignored="1" hostname="DESKTOP-QPBI68O" failures="1" tests="1" name="Command line test" time="9.925" errors="0" timestamp="2022-03-05T17:08:34 IST">
  <testcase classname="com.techblog.scripts.TestBase" name="@AfterMethod tearDown" time="0.003">
    <failure type="java.lang.NullPointerException">
      <![CDATA[java.lang.NullPointerException
at com.techblog.scripts.TestBase.takeScreenshot(TestBase.java:89)
at com.techblog.scripts.TestBase.tearDown(TestBase.java:75)
at java.base/java.util.ArrayList.forEach(ArrayList.java:1541)
... Removed 42 stack frames]]>
    </failure>
  </testcase> <!-- @AfterMethod tearDown -->
  <testcase classname="com.techblog.scripts.TestClass" name="verifyValidLogin" time="0.794">
    <failure type="java.lang.NullPointerException">
      <![CDATA[java.lang.NullPointerException
at org.openqa.selenium.support.pagefactory.DefaultElementLocator.findElement(DefaultElementLocator.java:69)
at org.openqa.selenium.support.pagefactory.internal.LocatingElementHandler.invoke(LocatingElementHandler.java:38)
at com.sun.proxy.$Proxy9.sendKeys(Unknown Source)
at com.techblog.pages.LoginPage.setUserName(LoginPage.java:27)
at com.techblog.scripts.TestClass.verifyValidLogin(TestClass.java:32)
at java.base/java.util.ArrayList.forEach(ArrayList.java:1541)
... Removed 37 stack frames]]>
    </failure>
  </testcase> <!-- verifyValidLogin -->
  <testcase classname="com.techblog.scripts.TestBase" name="@BeforeTest onSetup" time="0.0">
    <ignored/>
  </testcase> <!-- @BeforeTest onSetup -->
</testsuite> <!-- Command line test -->
